<?xml version="1.0" encoding="UTF-8"?>
<!-- Generated by org.testng.reporters.JUnitXMLReporter -->
<testsuite ignored="0" hostname="LTIN447970" failures="0" tests="20" name="Test" time="236.628" errors="0" timestamp="2023-06-19T10:47:08 IST">
  <testcase classname="TestScenarios.TestCases" name="Configdriver1" time="23.936"/>
  <testcase classname="TestScenarios.TestCases" name="clickingHolidayHomeslink" time="0.251"/>
  <testcase classname="TestScenarios.TestCases" name="enteringCityName" time="8.285"/>
  <testcase classname="TestScenarios.TestCases" name="clickingCityName" time="30.783"/>
  <testcase classname="TestScenarios.TestCases" name="sortBy" time="7.919"/>
  <testcase classname="TestScenarios.TestCases" name="selectingElevator" time="16.733"/>
  <testcase classname="TestScenarios.TestCases" name="selectCheckInDate" time="10.645"/>
  <testcase classname="TestScenarios.TestCases" name="selectCheckOutDate" time="0.575"/>
  <testcase classname="TestScenarios.TestCases" name="addingguests" time="7.451"/>
  <testcase classname="TestScenarios.TestCases" name="getOutput" time="35.51"/>
  <testcase classname="TestScenarios.TestCases" name="closeBrowser1" time="1.448"/>
  <testcase classname="TestScenarios.TestCases" name="Configdriver2" time="17.299"/>
  <testcase classname="TestScenarios.TestCases" name="clickMore" time="5.215"/>
  <testcase classname="TestScenarios.TestCases" name="travellersChoice" time="27.263"/>
  <testcase classname="TestScenarios.TestCases" name="selectCruises" time="12.271"/>
  <testcase classname="TestScenarios.TestCases" name="selectCruiseLine" time="5.368"/>
  <testcase classname="TestScenarios.TestCases" name="selectCruiseShip" time="5.369"/>
  <testcase classname="TestScenarios.TestCases" name="searchCruises" time="5.254"/>
  <testcase classname="TestScenarios.TestCases" name="printOutput" time="11.614"/>
  <testcase classname="TestScenarios.TestCases" name="closeBrowser2" time="3.272"/>
</testsuite> <!-- Test -->
