<?xml version="1.0" encoding="UTF-8"?>
<!-- Generated by org.testng.reporters.JUnitXMLReporter -->
<testsuite ignored="0" hostname="LTIN448030" failures="0" tests="13" name="TestonChrome" time="53.251" errors="0" timestamp="2023-06-28T14:30:47 IST">
  <testcase classname="TestScenarios.TestCases" name="clickingHolidayHomeslink" time="0.103"/>
  <testcase classname="TestScenarios.TestCases" name="enteringCityName" time="0.539"/>
  <testcase classname="TestScenarios.TestCases" name="clickingCityName" time="12.02"/>
  <testcase classname="TestScenarios.TestCases" name="sortBy" time="0.518"/>
  <testcase classname="TestScenarios.TestCases" name="selectingElevator" time="0.826"/>
  <testcase classname="TestScenarios.TestCases" name="selectCheckInDate" time="0.329"/>
  <testcase classname="TestScenarios.TestCases" name="selectCheckOutDate" time="0.177"/>
  <testcase classname="TestScenarios.TestCases" name="addingguests" time="19.714"/>
  <testcase classname="TestScenarios.TestCases" name="printHotelDetails" time="2.511"/>
  <testcase classname="TestScenarios.TestCases" name="selectCruiseLine" time="2.484"/>
  <testcase classname="TestScenarios.TestCases" name="selectCruiseShip" time="0.181"/>
  <testcase classname="TestScenarios.TestCases" name="searchCruises" time="2.7"/>
  <testcase classname="TestScenarios.TestCases" name="extractDetails_Cruise" time="2.447"/>
</testsuite> <!-- TestonChrome -->
