<?xml version="1.0" encoding="UTF-8"?>
<!-- Generated by org.testng.reporters.JUnitXMLReporter -->
<testsuite ignored="0" hostname="LTIN448030" failures="0" tests="13" name="TestonEdge" time="36.064" errors="0" timestamp="2023-06-28T12:53:32 IST">
  <testcase classname="TestScenarios.TestCases" name="clickingHolidayHomeslink" time="0.127"/>
  <testcase classname="TestScenarios.TestCases" name="enteringCityName" time="0.15"/>
  <testcase classname="TestScenarios.TestCases" name="clickingCityName" time="13.168"/>
  <testcase classname="TestScenarios.TestCases" name="sortBy" time="0.283"/>
  <testcase classname="TestScenarios.TestCases" name="selectingElevator" time="0.626"/>
  <testcase classname="TestScenarios.TestCases" name="selectCheckInDate" time="0.592"/>
  <testcase classname="TestScenarios.TestCases" name="selectCheckOutDate" time="0.723"/>
  <testcase classname="TestScenarios.TestCases" name="addingguests" time="2.493"/>
  <testcase classname="TestScenarios.TestCases" name="printHotelDetails" time="2.188"/>
  <testcase classname="TestScenarios.TestCases" name="selectCruiseLine" time="2.52"/>
  <testcase classname="TestScenarios.TestCases" name="selectCruiseShip" time="0.263"/>
  <testcase classname="TestScenarios.TestCases" name="searchCruises" time="2.771"/>
  <testcase classname="TestScenarios.TestCases" name="extractDetails_Cruise" time="1.012"/>
</testsuite> <!-- TestonEdge -->
