<?xml version="1.0" encoding="UTF-8"?>
<!-- Generated by org.testng.reporters.JUnitXMLReporter -->
<testsuite ignored="0" hostname="LTIN447985" failures="0" tests="13" name="TripCost" time="39.246" errors="0" timestamp="2023-07-18T16:03:09 IST">
  <testcase classname="TestScenarios.TestCases" name="clickingHolidayHomeslink" time="0.113"/>
  <testcase classname="TestScenarios.TestCases" name="enteringCityName" time="0.76"/>
  <testcase classname="TestScenarios.TestCases" name="clickingCityName" time="5.638"/>
  <testcase classname="TestScenarios.TestCases" name="sortBy" time="0.584"/>
  <testcase classname="TestScenarios.TestCases" name="selectingElevator" time="0.998"/>
  <testcase classname="TestScenarios.TestCases" name="selectCheckInDate" time="0.322"/>
  <testcase classname="TestScenarios.TestCases" name="selectCheckOutDate" time="0.363"/>
  <testcase classname="TestScenarios.TestCases" name="addingguests" time="7.452"/>
  <testcase classname="TestScenarios.TestCases" name="printHotelDetails" time="2.939"/>
  <testcase classname="TestScenarios.TestCases" name="selectCruiseLine" time="4.032"/>
  <testcase classname="TestScenarios.TestCases" name="selectCruiseShip" time="1.364"/>
  <testcase classname="TestScenarios.TestCases" name="searchCruises" time="2.545"/>
  <testcase classname="TestScenarios.TestCases" name="extractDetails_Cruise" time="2.159"/>
</testsuite> <!-- TripCost -->
