<?xml version="1.0" encoding="UTF-8"?>
<testng-results ignored="0" total="13" passed="13" failed="0" skipped="0">
  <reporter-output>
  </reporter-output>
  <suite started-at="2023-07-18T16:02:30 IST" name="Suite" finished-at="2023-07-18T16:03:09 IST" duration-ms="39246">
    <groups>
      <group name="Regression Test">
        <method signature="TestCases.addingguests()[pri:8, instance:TestScenarios.TestCases@c88a337]" name="addingguests" class="TestScenarios.TestCases"/>
        <method signature="TestCases.clickingCityName()[pri:3, instance:TestScenarios.TestCases@c88a337]" name="clickingCityName" class="TestScenarios.TestCases"/>
        <method signature="TestCases.clickingHolidayHomeslink()[pri:1, instance:TestScenarios.TestCases@c88a337]" name="clickingHolidayHomeslink" class="TestScenarios.TestCases"/>
        <method signature="TestCases.enteringCityName()[pri:2, instance:TestScenarios.TestCases@c88a337]" name="enteringCityName" class="TestScenarios.TestCases"/>
        <method signature="TestCases.extractDetails_Cruise()[pri:13, instance:TestScenarios.TestCases@c88a337]" name="extractDetails_Cruise" class="TestScenarios.TestCases"/>
        <method signature="TestCases.printHotelDetails()[pri:9, instance:TestScenarios.TestCases@c88a337]" name="printHotelDetails" class="TestScenarios.TestCases"/>
        <method signature="TestCases.searchCruises()[pri:12, instance:TestScenarios.TestCases@c88a337]" name="searchCruises" class="TestScenarios.TestCases"/>
        <method signature="TestCases.selectCheckInDate()[pri:6, instance:TestScenarios.TestCases@c88a337]" name="selectCheckInDate" class="TestScenarios.TestCases"/>
        <method signature="TestCases.selectCheckOutDate()[pri:7, instance:TestScenarios.TestCases@c88a337]" name="selectCheckOutDate" class="TestScenarios.TestCases"/>
        <method signature="TestCases.selectCruiseLine()[pri:10, instance:TestScenarios.TestCases@c88a337]" name="selectCruiseLine" class="TestScenarios.TestCases"/>
        <method signature="TestCases.selectCruiseShip()[pri:11, instance:TestScenarios.TestCases@c88a337]" name="selectCruiseShip" class="TestScenarios.TestCases"/>
        <method signature="TestCases.selectingElevator()[pri:5, instance:TestScenarios.TestCases@c88a337]" name="selectingElevator" class="TestScenarios.TestCases"/>
        <method signature="TestCases.sortBy()[pri:4, instance:TestScenarios.TestCases@c88a337]" name="sortBy" class="TestScenarios.TestCases"/>
      </group> <!-- Regression Test -->
    </groups>
    <test started-at="2023-07-18T16:02:30 IST" name="TripCost" finished-at="2023-07-18T16:03:09 IST" duration-ms="39246">
      <class name="TestScenarios.TestCases">
        <test-method is-config="true" signature="Configdriver1(java.lang.String)[pri:0, instance:TestScenarios.TestCases@c88a337]" started-at="2023-07-18T16:02:30 IST" name="Configdriver1" finished-at="2023-07-18T16:02:38 IST" duration-ms="7884" status="PASS">
          <params>
            <param index="0">
              <value>
                <![CDATA[chrome]]>
              </value>
            </param>
          </params>
          <reporter-output>
          </reporter-output>
        </test-method> <!-- Configdriver1 -->
        <test-method signature="clickingHolidayHomeslink()[pri:1, instance:TestScenarios.TestCases@c88a337]" started-at="2023-07-18T16:02:38 IST" name="clickingHolidayHomeslink" finished-at="2023-07-18T16:02:38 IST" duration-ms="113" status="PASS">
          <reporter-output>
          </reporter-output>
        </test-method> <!-- clickingHolidayHomeslink -->
        <test-method signature="enteringCityName()[pri:2, instance:TestScenarios.TestCases@c88a337]" started-at="2023-07-18T16:02:38 IST" name="enteringCityName" finished-at="2023-07-18T16:02:39 IST" duration-ms="760" status="PASS">
          <reporter-output>
          </reporter-output>
        </test-method> <!-- enteringCityName -->
        <test-method signature="clickingCityName()[pri:3, instance:TestScenarios.TestCases@c88a337]" started-at="2023-07-18T16:02:39 IST" name="clickingCityName" finished-at="2023-07-18T16:02:44 IST" duration-ms="5638" status="PASS">
          <reporter-output>
          </reporter-output>
        </test-method> <!-- clickingCityName -->
        <test-method signature="sortBy()[pri:4, instance:TestScenarios.TestCases@c88a337]" started-at="2023-07-18T16:02:44 IST" name="sortBy" finished-at="2023-07-18T16:02:45 IST" duration-ms="584" status="PASS">
          <reporter-output>
          </reporter-output>
        </test-method> <!-- sortBy -->
        <test-method signature="selectingElevator()[pri:5, instance:TestScenarios.TestCases@c88a337]" started-at="2023-07-18T16:02:45 IST" name="selectingElevator" finished-at="2023-07-18T16:02:46 IST" duration-ms="998" status="PASS">
          <reporter-output>
          </reporter-output>
        </test-method> <!-- selectingElevator -->
        <test-method signature="selectCheckInDate()[pri:6, instance:TestScenarios.TestCases@c88a337]" started-at="2023-07-18T16:02:46 IST" name="selectCheckInDate" finished-at="2023-07-18T16:02:46 IST" duration-ms="322" status="PASS">
          <reporter-output>
          </reporter-output>
        </test-method> <!-- selectCheckInDate -->
        <test-method signature="selectCheckOutDate()[pri:7, instance:TestScenarios.TestCases@c88a337]" started-at="2023-07-18T16:02:46 IST" name="selectCheckOutDate" finished-at="2023-07-18T16:02:47 IST" duration-ms="363" status="PASS">
          <reporter-output>
          </reporter-output>
        </test-method> <!-- selectCheckOutDate -->
        <test-method signature="addingguests()[pri:8, instance:TestScenarios.TestCases@c88a337]" started-at="2023-07-18T16:02:47 IST" name="addingguests" finished-at="2023-07-18T16:02:54 IST" duration-ms="7452" status="PASS">
          <reporter-output>
          </reporter-output>
        </test-method> <!-- addingguests -->
        <test-method signature="printHotelDetails()[pri:9, instance:TestScenarios.TestCases@c88a337]" started-at="2023-07-18T16:02:54 IST" name="printHotelDetails" finished-at="2023-07-18T16:02:57 IST" duration-ms="2939" status="PASS">
          <reporter-output>
          </reporter-output>
        </test-method> <!-- printHotelDetails -->
        <test-method signature="selectCruiseLine()[pri:10, instance:TestScenarios.TestCases@c88a337]" started-at="2023-07-18T16:02:57 IST" name="selectCruiseLine" finished-at="2023-07-18T16:03:01 IST" duration-ms="4032" status="PASS">
          <reporter-output>
          </reporter-output>
        </test-method> <!-- selectCruiseLine -->
        <test-method signature="selectCruiseShip()[pri:11, instance:TestScenarios.TestCases@c88a337]" started-at="2023-07-18T16:03:01 IST" name="selectCruiseShip" finished-at="2023-07-18T16:03:03 IST" duration-ms="1364" status="PASS">
          <reporter-output>
          </reporter-output>
        </test-method> <!-- selectCruiseShip -->
        <test-method signature="searchCruises()[pri:12, instance:TestScenarios.TestCases@c88a337]" started-at="2023-07-18T16:03:03 IST" name="searchCruises" finished-at="2023-07-18T16:03:05 IST" duration-ms="2545" status="PASS">
          <reporter-output>
          </reporter-output>
        </test-method> <!-- searchCruises -->
        <test-method signature="extractDetails_Cruise()[pri:13, instance:TestScenarios.TestCases@c88a337]" started-at="2023-07-18T16:03:05 IST" name="extractDetails_Cruise" finished-at="2023-07-18T16:03:07 IST" duration-ms="2159" status="PASS">
          <reporter-output>
          </reporter-output>
        </test-method> <!-- extractDetails_Cruise -->
        <test-method is-config="true" signature="closeBrowser2()[pri:0, instance:TestScenarios.TestCases@c88a337]" started-at="2023-07-18T16:03:07 IST" name="closeBrowser2" finished-at="2023-07-18T16:03:09 IST" duration-ms="2011" status="PASS">
          <reporter-output>
          </reporter-output>
        </test-method> <!-- closeBrowser2 -->
      </class> <!-- TestScenarios.TestCases -->
    </test> <!-- TripCost -->
  </suite> <!-- Suite -->
</testng-results>
